<?xml version="1.0" encoding="UTF-8"?>
<testsuite name="TestClassSeleniumRL" tests="1" skipped="0" failures="0" errors="0" timestamp="2021-03-01T09:48:38" hostname="ubuntu-VirtualBox" time="12.878">
  <properties/>
  <testcase name="testCheckPrice" classname="TestClassSeleniumRL" time="12.878"/>
  <system-out><![CDATA[Sounds good
]]></system-out>
  <system-err><![CDATA[Starting ChromeDriver 87.0.4280.20 (c99e81631faa0b2a448e658c0dbd8311fb04ddbd-refs/branch-heads/4280@{#355}) on port 16509
Only local connections are allowed.
Please see https://chromedriver.chromium.org/security-considerations for suggestions on keeping ChromeDriver safe.
ChromeDriver was started successfully.
Mar 01, 2021 10:48:40 AM org.openqa.selenium.remote.ProtocolHandshake createSession
INFO: Detected dialect: W3C
]]></system-err>
</testsuite>
